<?xml version="1.0" encoding="UTF-8"?>
<testng-results ignored="0" total="1" passed="1" failed="0" skipped="0">
  <reporter-output>
  </reporter-output>
  <suite started-at="2025-04-19T11:28:55 IST" name="Suite" finished-at="2025-04-19T11:28:58 IST" duration-ms="2283">
    <groups>
    </groups>
    <test started-at="2025-04-19T11:28:55 IST" name="Test" finished-at="2025-04-19T11:28:58 IST" duration-ms="2283">
      <class name="TestProject.ExcelData.ReadData">
        <test-method signature="excelDatatest()[pri:0, instance:TestProject.ExcelData.ReadData@6580cfdd]" started-at="2025-04-19T11:28:56 IST" name="excelDatatest" finished-at="2025-04-19T11:28:58 IST" duration-ms="2113" status="PASS">
          <reporter-output>
          </reporter-output>
        </test-method> <!-- excelDatatest -->
      </class> <!-- TestProject.ExcelData.ReadData -->
    </test> <!-- Test -->
  </suite> <!-- Suite -->
</testng-results>
