<?xml version="1.0" encoding="UTF-8"?>
<testng-results ignored="0" total="1" passed="1" failed="0" skipped="0">
  <reporter-output>
  </reporter-output>
  <suite started-at="2025-04-19T11:09:12 IST" name="Suite" finished-at="2025-04-19T11:09:14 IST" duration-ms="1810">
    <groups>
    </groups>
    <test started-at="2025-04-19T11:09:12 IST" name="Test" finished-at="2025-04-19T11:09:14 IST" duration-ms="1810">
      <class name="TestProject.ExcelData.ReadData">
        <test-method signature="excelDatatest()[pri:0, instance:TestProject.ExcelData.ReadData@4659191b]" started-at="2025-04-19T11:09:13 IST" name="excelDatatest" finished-at="2025-04-19T11:09:14 IST" duration-ms="1657" status="PASS">
          <reporter-output>
          </reporter-output>
        </test-method> <!-- excelDatatest -->
      </class> <!-- TestProject.ExcelData.ReadData -->
    </test> <!-- Test -->
  </suite> <!-- Suite -->
</testng-results>
